2017-06-27 16:39:01,428 - Velocimacro : adding VMs from VM library template : VM_global_library.vm
2017-06-27 16:39:01,442 - ResourceManager : unable to find resource 'VM_global_library.vm' in any resource loader.
2017-06-27 16:39:01,443 - Velocimacro : error using  VM library template VM_global_library.vm : org.apache.velocity.exception.ResourceNotFoundException: Unable to find resource 'VM_global_library.vm'
2017-06-27 16:39:01,443 - Velocimacro :  VM library template macro registration complete.
2017-06-27 16:39:01,443 - Velocimacro : allowInline = true : VMs can be defined inline in templates
2017-06-27 16:39:01,443 - Velocimacro : allowInlineToOverride = false : VMs defined inline may NOT replace previous VM definitions
2017-06-27 16:39:01,443 - Velocimacro : allowInlineLocal = false : VMs defined inline will be  global in scope if allowed.
2017-06-27 16:39:01,443 - Velocimacro : messages on  : VM system will output logging messages
2017-06-27 16:39:01,443 - Velocimacro : autoload off  : VM system will not automatically reload global library macros
2017-06-27 16:39:01,443 - Velocimacro : initialization complete.
2017-06-27 16:39:01,443 - Velocity successfully started.
2017-06-27 16:42:49,581 - SimpleLog4JLogSystem initialized using logfile 'velocity.log'
2017-06-27 16:42:49,581 - ************************************************************** 
2017-06-27 16:42:49,581 - Starting Jakarta Velocity v1.4
2017-06-27 16:42:49,581 - RuntimeInstance initializing.
2017-06-27 16:42:49,581 - Default Properties File: org\apache\velocity\runtime\defaults\velocity.properties
2017-06-27 16:42:49,581 - Trying to use logger class org.apache.velocity.runtime.log.SimpleLog4JLogSystem
2017-06-27 16:42:49,581 - Using logger class org.apache.velocity.runtime.log.SimpleLog4JLogSystem
2017-06-27 16:42:49,584 - Default ResourceManager initializing. (class org.apache.velocity.runtime.resource.ResourceManagerImpl)
2017-06-27 16:42:49,587 - Resource Loader Instantiated: org.apache.velocity.runtime.resource.loader.ClasspathResourceLoader
2017-06-27 16:42:49,587 - ClasspathResourceLoader : initialization starting.
2017-06-27 16:42:49,587 - ClasspathResourceLoader : initialization complete.
2017-06-27 16:42:49,589 - ResourceCache : initialized. (class org.apache.velocity.runtime.resource.ResourceCacheImpl)
2017-06-27 16:42:49,589 - Default ResourceManager initialization complete.
2017-06-27 16:42:49,592 - Loaded System Directive: org.apache.velocity.runtime.directive.Literal
2017-06-27 16:42:49,594 - Loaded System Directive: org.apache.velocity.runtime.directive.Macro
2017-06-27 16:42:49,602 - Loaded System Directive: org.apache.velocity.runtime.directive.Parse
2017-06-27 16:42:49,604 - Loaded System Directive: org.apache.velocity.runtime.directive.Include
2017-06-27 16:42:49,605 - Loaded System Directive: org.apache.velocity.runtime.directive.Foreach
2017-06-27 16:42:49,627 - Created: 20 parsers.
2017-06-27 16:42:49,634 - Velocimacro : initialization starting.
2017-06-27 16:42:49,634 - Velocimacro : adding VMs from VM library template : VM_global_library.vm
2017-06-27 16:42:49,647 - ResourceManager : unable to find resource 'VM_global_library.vm' in any resource loader.
2017-06-27 16:42:49,647 - Velocimacro : error using  VM library template VM_global_library.vm : org.apache.velocity.exception.ResourceNotFoundException: Unable to find resource 'VM_global_library.vm'
2017-06-27 16:42:49,647 - Velocimacro :  VM library template macro registration complete.
2017-06-27 16:42:49,647 - Velocimacro : allowInline = true : VMs can be defined inline in templates
2017-06-27 16:42:49,647 - Velocimacro : allowInlineToOverride = false : VMs defined inline may NOT replace previous VM definitions
2017-06-27 16:42:49,647 - Velocimacro : allowInlineLocal = false : VMs defined inline will be  global in scope if allowed.
2017-06-27 16:42:49,648 - Velocimacro : messages on  : VM system will output logging messages
2017-06-27 16:42:49,648 - Velocimacro : autoload off  : VM system will not automatically reload global library macros
2017-06-27 16:42:49,648 - Velocimacro : initialization complete.
2017-06-27 16:42:49,648 - Velocity successfully started.
2017-06-27 16:46:46,666 - SimpleLog4JLogSystem initialized using logfile 'velocity.log'
2017-06-27 16:46:46,666 - ************************************************************** 
2017-06-27 16:46:46,666 - Starting Jakarta Velocity v1.4
2017-06-27 16:46:46,666 - RuntimeInstance initializing.
2017-06-27 16:46:46,666 - Default Properties File: org\apache\velocity\runtime\defaults\velocity.properties
2017-06-27 16:46:46,666 - Trying to use logger class org.apache.velocity.runtime.log.SimpleLog4JLogSystem
2017-06-27 16:46:46,667 - Using logger class org.apache.velocity.runtime.log.SimpleLog4JLogSystem
2017-06-27 16:46:46,669 - Default ResourceManager initializing. (class org.apache.velocity.runtime.resource.ResourceManagerImpl)
2017-06-27 16:46:46,672 - Resource Loader Instantiated: org.apache.velocity.runtime.resource.loader.ClasspathResourceLoader
2017-06-27 16:46:46,672 - ClasspathResourceLoader : initialization starting.
2017-06-27 16:46:46,672 - ClasspathResourceLoader : initialization complete.
2017-06-27 16:46:46,673 - ResourceCache : initialized. (class org.apache.velocity.runtime.resource.ResourceCacheImpl)
2017-06-27 16:46:46,673 - Default ResourceManager initialization complete.
2017-06-27 16:46:46,677 - Loaded System Directive: org.apache.velocity.runtime.directive.Literal
2017-06-27 16:46:46,679 - Loaded System Directive: org.apache.velocity.runtime.directive.Macro
2017-06-27 16:46:46,681 - Loaded System Directive: org.apache.velocity.runtime.directive.Parse
2017-06-27 16:46:46,683 - Loaded System Directive: org.apache.velocity.runtime.directive.Include
2017-06-27 16:46:46,684 - Loaded System Directive: org.apache.velocity.runtime.directive.Foreach
2017-06-27 16:46:46,718 - Created: 20 parsers.
2017-06-27 16:46:46,725 - Velocimacro : initialization starting.
2017-06-27 16:46:46,726 - Velocimacro : adding VMs from VM library template : VM_global_library.vm
2017-06-27 16:46:46,738 - ResourceManager : unable to find resource 'VM_global_library.vm' in any resource loader.
2017-06-27 16:46:46,738 - Velocimacro : error using  VM library template VM_global_library.vm : org.apache.velocity.exception.ResourceNotFoundException: Unable to find resource 'VM_global_library.vm'
2017-06-27 16:46:46,738 - Velocimacro :  VM library template macro registration complete.
2017-06-27 16:46:46,738 - Velocimacro : allowInline = true : VMs can be defined inline in templates
2017-06-27 16:46:46,738 - Velocimacro : allowInlineToOverride = false : VMs defined inline may NOT replace previous VM definitions
2017-06-27 16:46:46,738 - Velocimacro : allowInlineLocal = false : VMs defined inline will be  global in scope if allowed.
2017-06-27 16:46:46,738 - Velocimacro : messages on  : VM system will output logging messages
2017-06-27 16:46:46,738 - Velocimacro : autoload off  : VM system will not automatically reload global library macros
2017-06-27 16:46:46,738 - Velocimacro : initialization complete.
2017-06-27 16:46:46,738 - Velocity successfully started.
2017-06-27 16:59:51,985 - SimpleLog4JLogSystem initialized using logfile 'velocity.log'
2017-06-27 16:59:51,986 - ************************************************************** 
2017-06-27 16:59:51,986 - Starting Jakarta Velocity v1.4
2017-06-27 16:59:51,986 - RuntimeInstance initializing.
2017-06-27 16:59:51,986 - Default Properties File: org\apache\velocity\runtime\defaults\velocity.properties
2017-06-27 16:59:51,986 - Trying to use logger class org.apache.velocity.runtime.log.SimpleLog4JLogSystem
2017-06-27 16:59:51,986 - Using logger class org.apache.velocity.runtime.log.SimpleLog4JLogSystem
2017-06-27 16:59:51,989 - Default ResourceManager initializing. (class org.apache.velocity.runtime.resource.ResourceManagerImpl)
2017-06-27 16:59:51,992 - Resource Loader Instantiated: org.apache.velocity.runtime.resource.loader.ClasspathResourceLoader
2017-06-27 16:59:51,992 - ClasspathResourceLoader : initialization starting.
2017-06-27 16:59:51,992 - ClasspathResourceLoader : initialization complete.
2017-06-27 16:59:51,993 - ResourceCache : initialized. (class org.apache.velocity.runtime.resource.ResourceCacheImpl)
2017-06-27 16:59:51,994 - Default ResourceManager initialization complete.
2017-06-27 16:59:51,997 - Loaded System Directive: org.apache.velocity.runtime.directive.Literal
2017-06-27 16:59:51,999 - Loaded System Directive: org.apache.velocity.runtime.directive.Macro
2017-06-27 16:59:52,002 - Loaded System Directive: org.apache.velocity.runtime.directive.Parse
2017-06-27 16:59:52,004 - Loaded System Directive: org.apache.velocity.runtime.directive.Include
2017-06-27 16:59:52,005 - Loaded System Directive: org.apache.velocity.runtime.directive.Foreach
2017-06-27 16:59:52,033 - Created: 20 parsers.
2017-06-27 16:59:52,039 - Velocimacro : initialization starting.
2017-06-27 16:59:52,040 - Velocimacro : adding VMs from VM library template : VM_global_library.vm
2017-06-27 16:59:52,052 - ResourceManager : unable to find resource 'VM_global_library.vm' in any resource loader.
2017-06-27 16:59:52,052 - Velocimacro : error using  VM library template VM_global_library.vm : org.apache.velocity.exception.ResourceNotFoundException: Unable to find resource 'VM_global_library.vm'
2017-06-27 16:59:52,052 - Velocimacro :  VM library template macro registration complete.
2017-06-27 16:59:52,052 - Velocimacro : allowInline = true : VMs can be defined inline in templates
2017-06-27 16:59:52,052 - Velocimacro : allowInlineToOverride = false : VMs defined inline may NOT replace previous VM definitions
2017-06-27 16:59:52,052 - Velocimacro : allowInlineLocal = false : VMs defined inline will be  global in scope if allowed.
2017-06-27 16:59:52,052 - Velocimacro : messages on  : VM system will output logging messages
2017-06-27 16:59:52,052 - Velocimacro : autoload off  : VM system will not automatically reload global library macros
2017-06-27 16:59:52,052 - Velocimacro : initialization complete.
2017-06-27 16:59:52,052 - Velocity successfully started.
2017-06-27 17:00:46,636 - SimpleLog4JLogSystem initialized using logfile 'velocity.log'
2017-06-27 17:00:46,636 - ************************************************************** 
2017-06-27 17:00:46,636 - Starting Jakarta Velocity v1.4
2017-06-27 17:00:46,636 - RuntimeInstance initializing.
2017-06-27 17:00:46,636 - Default Properties File: org\apache\velocity\runtime\defaults\velocity.properties
2017-06-27 17:00:46,636 - Trying to use logger class org.apache.velocity.runtime.log.SimpleLog4JLogSystem
2017-06-27 17:00:46,636 - Using logger class org.apache.velocity.runtime.log.SimpleLog4JLogSystem
2017-06-27 17:00:46,639 - Default ResourceManager initializing. (class org.apache.velocity.runtime.resource.ResourceManagerImpl)
2017-06-27 17:00:46,642 - Resource Loader Instantiated: org.apache.velocity.runtime.resource.loader.ClasspathResourceLoader
2017-06-27 17:00:46,642 - ClasspathResourceLoader : initialization starting.
2017-06-27 17:00:46,642 - ClasspathResourceLoader : initialization complete.
2017-06-27 17:00:46,644 - ResourceCache : initialized. (class org.apache.velocity.runtime.resource.ResourceCacheImpl)
2017-06-27 17:00:46,644 - Default ResourceManager initialization complete.
2017-06-27 17:00:46,647 - Loaded System Directive: org.apache.velocity.runtime.directive.Literal
2017-06-27 17:00:46,649 - Loaded System Directive: org.apache.velocity.runtime.directive.Macro
2017-06-27 17:00:46,657 - Loaded System Directive: org.apache.velocity.runtime.directive.Parse
2017-06-27 17:00:46,659 - Loaded System Directive: org.apache.velocity.runtime.directive.Include
2017-06-27 17:00:46,660 - Loaded System Directive: org.apache.velocity.runtime.directive.Foreach
2017-06-27 17:00:46,682 - Created: 20 parsers.
2017-06-27 17:00:46,689 - Velocimacro : initialization starting.
2017-06-27 17:00:46,689 - Velocimacro : adding VMs from VM library template : VM_global_library.vm
2017-06-27 17:00:46,701 - ResourceManager : unable to find resource 'VM_global_library.vm' in any resource loader.
2017-06-27 17:00:46,701 - Velocimacro : error using  VM library template VM_global_library.vm : org.apache.velocity.exception.ResourceNotFoundException: Unable to find resource 'VM_global_library.vm'
2017-06-27 17:00:46,701 - Velocimacro :  VM library template macro registration complete.
2017-06-27 17:00:46,701 - Velocimacro : allowInline = true : VMs can be defined inline in templates
2017-06-27 17:00:46,702 - Velocimacro : allowInlineToOverride = false : VMs defined inline may NOT replace previous VM definitions
2017-06-27 17:00:46,702 - Velocimacro : allowInlineLocal = false : VMs defined inline will be  global in scope if allowed.
2017-06-27 17:00:46,702 - Velocimacro : messages on  : VM system will output logging messages
2017-06-27 17:00:46,702 - Velocimacro : autoload off  : VM system will not automatically reload global library macros
2017-06-27 17:00:46,702 - Velocimacro : initialization complete.
2017-06-27 17:00:46,702 - Velocity successfully started.
2017-06-27 17:12:19,490 - SimpleLog4JLogSystem initialized using logfile 'velocity.log'
2017-06-27 17:12:19,491 - ************************************************************** 
2017-06-27 17:12:19,491 - Starting Jakarta Velocity v1.4
2017-06-27 17:12:19,491 - RuntimeInstance initializing.
2017-06-27 17:12:19,491 - Default Properties File: org\apache\velocity\runtime\defaults\velocity.properties
2017-06-27 17:12:19,491 - Trying to use logger class org.apache.velocity.runtime.log.SimpleLog4JLogSystem
2017-06-27 17:12:19,491 - Using logger class org.apache.velocity.runtime.log.SimpleLog4JLogSystem
2017-06-27 17:12:19,494 - Default ResourceManager initializing. (class org.apache.velocity.runtime.resource.ResourceManagerImpl)
2017-06-27 17:12:19,496 - Resource Loader Instantiated: org.apache.velocity.runtime.resource.loader.ClasspathResourceLoader
2017-06-27 17:12:19,497 - ClasspathResourceLoader : initialization starting.
2017-06-27 17:12:19,497 - ClasspathResourceLoader : initialization complete.
2017-06-27 17:12:19,498 - ResourceCache : initialized. (class org.apache.velocity.runtime.resource.ResourceCacheImpl)
2017-06-27 17:12:19,498 - Default ResourceManager initialization complete.
2017-06-27 17:12:19,502 - Loaded System Directive: org.apache.velocity.runtime.directive.Literal
2017-06-27 17:12:19,504 - Loaded System Directive: org.apache.velocity.runtime.directive.Macro
2017-06-27 17:12:19,507 - Loaded System Directive: org.apache.velocity.runtime.directive.Parse
2017-06-27 17:12:19,509 - Loaded System Directive: org.apache.velocity.runtime.directive.Include
2017-06-27 17:12:19,510 - Loaded System Directive: org.apache.velocity.runtime.directive.Foreach
2017-06-27 17:12:19,544 - Created: 20 parsers.
2017-06-27 17:12:19,554 - Velocimacro : initialization starting.
2017-06-27 17:12:19,554 - Velocimacro : adding VMs from VM library template : VM_global_library.vm
2017-06-27 17:12:19,567 - ResourceManager : unable to find resource 'VM_global_library.vm' in any resource loader.
2017-06-27 17:12:19,567 - Velocimacro : error using  VM library template VM_global_library.vm : org.apache.velocity.exception.ResourceNotFoundException: Unable to find resource 'VM_global_library.vm'
2017-06-27 17:12:19,567 - Velocimacro :  VM library template macro registration complete.
2017-06-27 17:12:19,567 - Velocimacro : allowInline = true : VMs can be defined inline in templates
2017-06-27 17:12:19,567 - Velocimacro : allowInlineToOverride = false : VMs defined inline may NOT replace previous VM definitions
2017-06-27 17:12:19,567 - Velocimacro : allowInlineLocal = false : VMs defined inline will be  global in scope if allowed.
2017-06-27 17:12:19,567 - Velocimacro : messages on  : VM system will output logging messages
2017-06-27 17:12:19,567 - Velocimacro : autoload off  : VM system will not automatically reload global library macros
2017-06-27 17:12:19,567 - Velocimacro : initialization complete.
2017-06-27 17:12:19,567 - Velocity successfully started.
2017-06-27 17:17:09,247 - SimpleLog4JLogSystem initialized using logfile 'velocity.log'
2017-06-27 17:17:09,248 - ************************************************************** 
2017-06-27 17:17:09,248 - Starting Jakarta Velocity v1.4
2017-06-27 17:17:09,248 - RuntimeInstance initializing.
2017-06-27 17:17:09,248 - Default Properties File: org\apache\velocity\runtime\defaults\velocity.properties
2017-06-27 17:17:09,248 - Trying to use logger class org.apache.velocity.runtime.log.SimpleLog4JLogSystem
2017-06-27 17:17:09,248 - Using logger class org.apache.velocity.runtime.log.SimpleLog4JLogSystem
2017-06-27 17:17:09,250 - Default ResourceManager initializing. (class org.apache.velocity.runtime.resource.ResourceManagerImpl)
2017-06-27 17:17:09,253 - Resource Loader Instantiated: org.apache.velocity.runtime.resource.loader.ClasspathResourceLoader
2017-06-27 17:17:09,253 - ClasspathResourceLoader : initialization starting.
2017-06-27 17:17:09,253 - ClasspathResourceLoader : initialization complete.
2017-06-27 17:17:09,255 - ResourceCache : initialized. (class org.apache.velocity.runtime.resource.ResourceCacheImpl)
2017-06-27 17:17:09,255 - Default ResourceManager initialization complete.
2017-06-27 17:17:09,258 - Loaded System Directive: org.apache.velocity.runtime.directive.Literal
2017-06-27 17:17:09,260 - Loaded System Directive: org.apache.velocity.runtime.directive.Macro
2017-06-27 17:17:09,262 - Loaded System Directive: org.apache.velocity.runtime.directive.Parse
2017-06-27 17:17:09,264 - Loaded System Directive: org.apache.velocity.runtime.directive.Include
2017-06-27 17:17:09,265 - Loaded System Directive: org.apache.velocity.runtime.directive.Foreach
2017-06-27 17:17:09,296 - Created: 20 parsers.
2017-06-27 17:17:09,305 - Velocimacro : initialization starting.
2017-06-27 17:17:09,305 - Velocimacro : adding VMs from VM library template : VM_global_library.vm
2017-06-27 17:17:09,320 - ResourceManager : unable to find resource 'VM_global_library.vm' in any resource loader.
2017-06-27 17:17:09,320 - Velocimacro : error using  VM library template VM_global_library.vm : org.apache.velocity.exception.ResourceNotFoundException: Unable to find resource 'VM_global_library.vm'
2017-06-27 17:17:09,320 - Velocimacro :  VM library template macro registration complete.
2017-06-27 17:17:09,320 - Velocimacro : allowInline = true : VMs can be defined inline in templates
2017-06-27 17:17:09,320 - Velocimacro : allowInlineToOverride = false : VMs defined inline may NOT replace previous VM definitions
2017-06-27 17:17:09,320 - Velocimacro : allowInlineLocal = false : VMs defined inline will be  global in scope if allowed.
2017-06-27 17:17:09,320 - Velocimacro : messages on  : VM system will output logging messages
2017-06-27 17:17:09,320 - Velocimacro : autoload off  : VM system will not automatically reload global library macros
2017-06-27 17:17:09,320 - Velocimacro : initialization complete.
2017-06-27 17:17:09,320 - Velocity successfully started.
